This is XeTeX, Version 3.14159265-2.6-0.999992 (TeX Live 2020/W32TeX) (preloaded format=xelatex 2020.11.25)  30 NOV 2020 11:26
entering extended mode
 restricted \write18 enabled.
 %&-line parsing enabled.
**_main.tex
(./_main.tex
LaTeX2e <2020-10-01> patch level 2
L3 programming layer <2020-10-27> xparse <2020-03-03> (c:/Users/natha/AppData/R
oaming/TinyTeX/texmf-dist/tex/latex/base/book.cls
Document Class: book 2020/04/10 v1.4m Standard LaTeX document class
(c:/Users/natha/AppData/Roaming/TinyTeX/texmf-dist/tex/latex/base/bk10.clo
File: bk10.clo 2020/04/10 v1.4m Standard LaTeX file (size option)
)
\c@part=\count171
\c@chapter=\count172
\c@section=\count173
\c@subsection=\count174
\c@subsubsection=\count175
\c@paragraph=\count176
\c@subparagraph=\count177
\c@figure=\count178
\c@table=\count179
\abovecaptionskip=\skip47
\belowcaptionskip=\skip48
\bibindent=\dimen138
) (c:/Users/natha/AppData/Roaming/TinyTeX/texmf-dist/tex/latex/lm/lmodern.sty
Package: lmodern 2009/10/30 v1.6 Latin Modern Fonts
LaTeX Font Info:    Overwriting symbol font `operators' in version `normal'
(Font)                  OT1/cmr/m/n --> OT1/lmr/m/n on input line 22.
LaTeX Font Info:    Overwriting symbol font `letters' in version `normal'
(Font)                  OML/cmm/m/it --> OML/lmm/m/it on input line 23.
LaTeX Font Info:    Overwriting symbol font `symbols' in version `normal'
(Font)                  OMS/cmsy/m/n --> OMS/lmsy/m/n on input line 24.
LaTeX Font Info:    Overwriting symbol font `largesymbols' in version `normal'
(Font)                  OMX/cmex/m/n --> OMX/lmex/m/n on input line 25.
LaTeX Font Info:    Overwriting symbol font `operators' in version `bold'
(Font)                  OT1/cmr/bx/n --> OT1/lmr/bx/n on input line 26.
LaTeX Font Info:    Overwriting symbol font `letters' in version `bold'
(Font)                  OML/cmm/b/it --> OML/lmm/b/it on input line 27.
LaTeX Font Info:    Overwriting symbol font `symbols' in version `bold'
(Font)                  OMS/cmsy/b/n --> OMS/lmsy/b/n on input line 28.
LaTeX Font Info:    Overwriting symbol font `largesymbols' in version `bold'
(Font)                  OMX/cmex/m/n --> OMX/lmex/m/n on input line 29.
LaTeX Font Info:    Overwriting math alphabet `\mathbf' in version `normal'
(Font)                  OT1/cmr/bx/n --> OT1/lmr/bx/n on input line 31.
LaTeX Font Info:    Overwriting math alphabet `\mathsf' in version `normal'
(Font)                  OT1/cmss/m/n --> OT1/lmss/m/n on input line 32.
LaTeX Font Info:    Overwriting math alphabet `\mathit' in version `normal'
(Font)                  OT1/cmr/m/it --> OT1/lmr/m/it on input line 33.
LaTeX Font Info:    Overwriting math alphabet `\mathtt' in version `normal'
(Font)                  OT1/cmtt/m/n --> OT1/lmtt/m/n on input line 34.
LaTeX Font Info:    Overwriting math alphabet `\mathbf' in version `bold'
(Font)                  OT1/cmr/bx/n --> OT1/lmr/bx/n on input line 35.
LaTeX Font Info:    Overwriting math alphabet `\mathsf' in version `bold'
(Font)                  OT1/cmss/bx/n --> OT1/lmss/bx/n on input line 36.
LaTeX Font Info:    Overwriting math alphabet `\mathit' in version `bold'
(Font)                  OT1/cmr/bx/it --> OT1/lmr/bx/it on input line 37.
LaTeX Font Info:    Overwriting math alphabet `\mathtt' in version `bold'
(Font)                  OT1/cmtt/m/n --> OT1/lmtt/m/n on input line 38.
)
(c:/Users/natha/AppData/Roaming/TinyTeX/texmf-dist/tex/latex/amsfonts/amssymb.s
ty
Package: amssymb 2013/01/14 v3.01 AMS font symbols

(c:/Users/natha/AppData/Roaming/TinyTeX/texmf-dist/tex/latex/amsfonts/amsfonts.
sty
Package: amsfonts 2013/01/14 v3.01 Basic AMSFonts support
\@emptytoks=\toks15
\symAMSa=\mathgroup4
\symAMSb=\mathgroup5
LaTeX Font Info:    Redeclaring math symbol \hbar on input line 98.
LaTeX Font Info:    Overwriting math alphabet `\mathfrak' in version `bold'
(Font)                  U/euf/m/n --> U/euf/b/n on input line 106.
))
(c:/Users/natha/AppData/Roaming/TinyTeX/texmf-dist/tex/latex/amsmath/amsmath.st
y
Package: amsmath 2020/09/23 v2.17i AMS math features
\@mathmargin=\skip49
For additional information on amsmath, use the `?' option.

(c:/Users/natha/AppData/Roaming/TinyTeX/texmf-dist/tex/latex/amsmath/amstext.st
y
Package: amstext 2000/06/29 v2.01 AMS text

(c:/Users/natha/AppData/Roaming/TinyTeX/texmf-dist/tex/latex/amsmath/amsgen.sty
File: amsgen.sty 1999/11/30 v2.0 generic functions
\@emptytoks=\toks16
\ex@=\dimen139
))
(c:/Users/natha/AppData/Roaming/TinyTeX/texmf-dist/tex/latex/amsmath/amsbsy.sty
Package: amsbsy 1999/11/29 v1.2d Bold Symbols
\pmbraise@=\dimen140
)
(c:/Users/natha/AppData/Roaming/TinyTeX/texmf-dist/tex/latex/amsmath/amsopn.sty
Package: amsopn 2016/03/08 v2.02 operator names
)
\inf@bad=\count180
LaTeX Info: Redefining \frac on input line 234.
\uproot@=\count181
\leftroot@=\count182
LaTeX Info: Redefining \overline on input line 399.
\classnum@=\count183
\DOTSCASE@=\count184
LaTeX Info: Redefining \ldots on input line 496.
LaTeX Info: Redefining \dots on input line 499.
LaTeX Info: Redefining \cdots on input line 620.
\Mathstrutbox@=\box47
\strutbox@=\box48
\big@size=\dimen141
LaTeX Font Info:    Redeclaring font encoding OML on input line 743.
LaTeX Font Info:    Redeclaring font encoding OMS on input line 744.
\macc@depth=\count185
\c@MaxMatrixCols=\count186
\dotsspace@=\muskip16
\c@parentequation=\count187
\dspbrk@lvl=\count188
\tag@help=\toks17
\row@=\count189
\column@=\count190
\maxfields@=\count191
\andhelp@=\toks18
\eqnshift@=\dimen142
\alignsep@=\dimen143
\tagshift@=\dimen144
\tagwidth@=\dimen145
\totwidth@=\dimen146
\lineht@=\dimen147
\@envbody=\toks19
\multlinegap=\skip50
\multlinetaggap=\skip51
\mathdisplay@stack=\toks20
LaTeX Info: Redefining \[ on input line 2923.
LaTeX Info: Redefining \] on input line 2924.
)
(c:/Users/natha/AppData/Roaming/TinyTeX/texmf-dist/tex/generic/iftex/ifxetex.st
y
Package: ifxetex 2019/10/25 v0.7 ifxetex legacy package. Use iftex instead.
(c:/Users/natha/AppData/Roaming/TinyTeX/texmf-dist/tex/generic/iftex/iftex.sty
Package: iftex 2020/03/06 v1.0d TeX engine tests
))
(c:/Users/natha/AppData/Roaming/TinyTeX/texmf-dist/tex/generic/iftex/ifluatex.s
ty
Package: ifluatex 2019/10/25 v1.5 ifluatex legacy package. Use iftex instead.
)
(c:/Users/natha/AppData/Roaming/TinyTeX/texmf-dist/tex/latex/unicode-math/unico
de-math.sty
(c:/Users/natha/AppData/Roaming/TinyTeX/texmf-dist/tex/latex/l3kernel/expl3.sty
Package: expl3 2020-10-27 L3 programming layer (loader) 

(c:/Users/natha/AppData/Roaming/TinyTeX/texmf-dist/tex/latex/l3backend/l3backen
d-xetex.def
File: l3backend-xetex.def 2020-09-24 L3 backend support: XeTeX
\g__graphics_track_int=\count192
\l__pdf_internal_box=\box49
\g__pdf_backend_object_int=\count193
\g__pdf_backend_annotation_int=\count194
))
Package: unicode-math 2020/01/31 v0.8q Unicode maths in XeLaTeX and LuaLaTeX

(c:/Users/natha/AppData/Roaming/TinyTeX/texmf-dist/tex/latex/unicode-math/unico
de-math-xetex.sty
Package: unicode-math-xetex 2020/01/31 v0.8q Unicode maths in XeLaTeX and LuaLa
TeX

(c:/Users/natha/AppData/Roaming/TinyTeX/texmf-dist/tex/latex/l3packages/xparse/
xparse.sty
Package: xparse 2020-10-27 L3 Experimental document command parser

(c:/Users/natha/AppData/Roaming/TinyTeX/texmf-dist/tex/latex/l3packages/xparse/
xparse-generic.tex))
(c:/Users/natha/AppData/Roaming/TinyTeX/texmf-dist/tex/latex/l3packages/l3keys2
e/l3keys2e.sty
Package: l3keys2e 2020-10-27 LaTeX2e option processing using LaTeX3 keys
)
(c:/Users/natha/AppData/Roaming/TinyTeX/texmf-dist/tex/latex/fontspec/fontspec.
sty
Package: fontspec 2020/02/21 v2.7i Font selection for XeLaTeX and LuaLaTeX

(c:/Users/natha/AppData/Roaming/TinyTeX/texmf-dist/tex/latex/fontspec/fontspec-
xetex.sty
Package: fontspec-xetex 2020/02/21 v2.7i Font selection for XeLaTeX and LuaLaTe
X
\l__fontspec_script_int=\count195
\l__fontspec_language_int=\count196
\l__fontspec_strnum_int=\count197
\l__fontspec_tmp_int=\count198
\l__fontspec_tmpa_int=\count199
\l__fontspec_tmpb_int=\count266
\l__fontspec_tmpc_int=\count267
\l__fontspec_em_int=\count268
\l__fontspec_emdef_int=\count269
\l__fontspec_strong_int=\count270
\l__fontspec_strongdef_int=\count271
\l__fontspec_tmpa_dim=\dimen148
\l__fontspec_tmpb_dim=\dimen149
\l__fontspec_tmpc_dim=\dimen150
(c:/Users/natha/AppData/Roaming/TinyTeX/texmf-dist/tex/latex/base/fontenc.sty
Package: fontenc 2020/08/10 v2.0s Standard LaTeX package
)
(c:/Users/natha/AppData/Roaming/TinyTeX/texmf-dist/tex/latex/fontspec/fontspec.
cfg))) (c:/Users/natha/AppData/Roaming/TinyTeX/texmf-dist/tex/latex/base/fix-cm
.sty
Package: fix-cm 2015/01/14 v1.1t fixes to LaTeX
(c:/Users/natha/AppData/Roaming/TinyTeX/texmf-dist/tex/latex/base/ts1enc.def
File: ts1enc.def 2001/06/05 v3.0e (jk/car/fm) Standard LaTeX file
LaTeX Font Info:    Redeclaring font encoding TS1 on input line 47.
))
\g__um_fam_int=\count272
\g__um_fonts_used_int=\count273
\l__um_primecount_int=\count274
\g__um_primekern_muskip=\muskip17

(c:/Users/natha/AppData/Roaming/TinyTeX/texmf-dist/tex/latex/unicode-math/unico
de-math-table.tex)))
(c:/Users/natha/AppData/Roaming/TinyTeX/texmf-dist/tex/latex/upquote/upquote.st
y
Package: upquote 2012/04/19 v1.3 upright-quote and grave-accent glyphs in verba
tim
(c:/Users/natha/AppData/Roaming/TinyTeX/texmf-dist/tex/latex/base/textcomp.sty
Package: textcomp 2020/02/02 v2.0n Standard LaTeX package
)) (c:/Users/natha/AppData/Roaming/TinyTeX/texmf-dist/tex/latex/xcolor/xcolor.s
ty
Package: xcolor 2016/05/11 v2.12 LaTeX color extensions (UK)

(c:/Users/natha/AppData/Roaming/TinyTeX/texmf-dist/tex/latex/graphics-cfg/color
.cfg
File: color.cfg 2016/01/02 v1.6 sample color configuration
)
Package xcolor Info: Driver file: xetex.def on input line 225.

(c:/Users/natha/AppData/Roaming/TinyTeX/texmf-dist/tex/latex/graphics-def/xetex
.def
File: xetex.def 2020/08/26 v5.0i Graphics/color driver for xetex
)
Package xcolor Info: Model `cmy' substituted by `cmy0' on input line 1348.
Package xcolor Info: Model `RGB' extended on input line 1364.
Package xcolor Info: Model `HTML' substituted by `rgb' on input line 1366.
Package xcolor Info: Model `Hsb' substituted by `hsb' on input line 1367.
Package xcolor Info: Model `tHsb' substituted by `hsb' on input line 1368.
Package xcolor Info: Model `HSB' substituted by `hsb' on input line 1369.
Package xcolor Info: Model `Gray' substituted by `gray' on input line 1370.
Package xcolor Info: Model `wave' substituted by `hsb' on input line 1371.
)
(c:/Users/natha/AppData/Roaming/TinyTeX/texmf-dist/tex/latex/hyperref/hyperref.
sty
Package: hyperref 2020-05-15 v7.00e Hypertext links for LaTeX

(c:/Users/natha/AppData/Roaming/TinyTeX/texmf-dist/tex/generic/ltxcmds/ltxcmds.
sty
Package: ltxcmds 2020-05-10 v1.25 LaTeX kernel commands for general use (HO)
)
(c:/Users/natha/AppData/Roaming/TinyTeX/texmf-dist/tex/generic/pdftexcmds/pdfte
xcmds.sty
Package: pdftexcmds 2020-06-27 v0.33 Utility functions of pdfTeX for LuaTeX (HO
)

(c:/Users/natha/AppData/Roaming/TinyTeX/texmf-dist/tex/generic/infwarerr/infwar
err.sty
Package: infwarerr 2019/12/03 v1.5 Providing info/warning/error messages (HO)
)
Package pdftexcmds Info: \pdf@primitive is available.
Package pdftexcmds Info: \pdf@ifprimitive is available.
Package pdftexcmds Info: \pdfdraftmode not found.
)
(c:/Users/natha/AppData/Roaming/TinyTeX/texmf-dist/tex/latex/graphics/keyval.st
y
Package: keyval 2014/10/28 v1.15 key=value parser (DPC)
\KV@toks@=\toks21
)
(c:/Users/natha/AppData/Roaming/TinyTeX/texmf-dist/tex/generic/kvsetkeys/kvsetk
eys.sty
Package: kvsetkeys 2019/12/15 v1.18 Key value parser (HO)
)
(c:/Users/natha/AppData/Roaming/TinyTeX/texmf-dist/tex/generic/kvdefinekeys/kvd
efinekeys.sty
Package: kvdefinekeys 2019-12-19 v1.6 Define keys (HO)
)
(c:/Users/natha/AppData/Roaming/TinyTeX/texmf-dist/tex/generic/pdfescape/pdfesc
ape.sty
Package: pdfescape 2019/12/09 v1.15 Implements pdfTeX's escape features (HO)
)
(c:/Users/natha/AppData/Roaming/TinyTeX/texmf-dist/tex/latex/hycolor/hycolor.st
y
Package: hycolor 2020-01-27 v1.10 Color options for hyperref/bookmark (HO)
)
(c:/Users/natha/AppData/Roaming/TinyTeX/texmf-dist/tex/latex/letltxmacro/letltx
macro.sty
Package: letltxmacro 2019/12/03 v1.6 Let assignment for LaTeX macros (HO)
)
(c:/Users/natha/AppData/Roaming/TinyTeX/texmf-dist/tex/latex/auxhook/auxhook.st
y
Package: auxhook 2019-12-17 v1.6 Hooks for auxiliary files (HO)
)
(c:/Users/natha/AppData/Roaming/TinyTeX/texmf-dist/tex/latex/kvoptions/kvoption
s.sty
Package: kvoptions 2020-10-07 v3.14 Key value format for package options (HO)
)
\@linkdim=\dimen151
\Hy@linkcounter=\count275
\Hy@pagecounter=\count276

(c:/Users/natha/AppData/Roaming/TinyTeX/texmf-dist/tex/latex/hyperref/pd1enc.de
f
File: pd1enc.def 2020-05-15 v7.00e Hyperref: PDFDocEncoding definition (HO)
)
(c:/Users/natha/AppData/Roaming/TinyTeX/texmf-dist/tex/generic/intcalc/intcalc.
sty
Package: intcalc 2019/12/15 v1.3 Expandable calculations with integers (HO)
)
(c:/Users/natha/AppData/Roaming/TinyTeX/texmf-dist/tex/generic/etexcmds/etexcmd
s.sty
Package: etexcmds 2019/12/15 v1.7 Avoid name clashes with e-TeX commands (HO)
)
\Hy@SavedSpaceFactor=\count277
Package hyperref Info: Option `unicode' set `true' on input line 4338.

(c:/Users/natha/AppData/Roaming/TinyTeX/texmf-dist/tex/latex/hyperref/puenc.def
File: puenc.def 2020-05-15 v7.00e Hyperref: PDF Unicode definition (HO)
)
Package hyperref Info: Hyper figures OFF on input line 4464.
Package hyperref Info: Link nesting OFF on input line 4469.
Package hyperref Info: Hyper index ON on input line 4472.
Package hyperref Info: Plain pages OFF on input line 4479.
Package hyperref Info: Backreferencing OFF on input line 4484.
Package hyperref Info: Implicit mode ON; LaTeX internals redefined.
Package hyperref Info: Bookmarks ON on input line 4717.
\c@Hy@tempcnt=\count278
(c:/Users/natha/AppData/Roaming/TinyTeX/texmf-dist/tex/latex/url/url.sty
\Urlmuskip=\muskip18
Package: url 2013/09/16  ver 3.4  Verb mode for urls, etc.
)
LaTeX Info: Redefining \url on input line 5076.
\XeTeXLinkMargin=\dimen152

(c:/Users/natha/AppData/Roaming/TinyTeX/texmf-dist/tex/generic/bitset/bitset.st
y
Package: bitset 2019/12/09 v1.3 Handle bit-vector datatype (HO)

(c:/Users/natha/AppData/Roaming/TinyTeX/texmf-dist/tex/generic/bigintcalc/bigin
tcalc.sty
Package: bigintcalc 2019/12/15 v1.5 Expandable calculations on big integers (HO
)
))
\Fld@menulength=\count279
\Field@Width=\dimen153
\Fld@charsize=\dimen154
Package hyperref Info: Hyper figures OFF on input line 6347.
Package hyperref Info: Link nesting OFF on input line 6352.
Package hyperref Info: Hyper index ON on input line 6355.
Package hyperref Info: backreferencing OFF on input line 6362.
Package hyperref Info: Link coloring OFF on input line 6367.
Package hyperref Info: Link coloring with OCG OFF on input line 6372.
Package hyperref Info: PDF/A mode OFF on input line 6377.
LaTeX Info: Redefining \ref on input line 6417.
LaTeX Info: Redefining \pageref on input line 6421.

(c:/Users/natha/AppData/Roaming/TinyTeX/texmf-dist/tex/latex/base/atbegshi-ltx.
sty
Package: atbegshi-ltx 2020/08/17 v1.0a Emulation of the original atbegshi packa
ge
with kernel methods
)
\Hy@abspage=\count280
\c@Item=\count281
\c@Hfootnote=\count282
)
Package hyperref Info: Driver (autodetected): hxetex.

(c:/Users/natha/AppData/Roaming/TinyTeX/texmf-dist/tex/latex/hyperref/hxetex.de
f
File: hxetex.def 2020-05-15 v7.00e Hyperref driver for XeTeX

(c:/Users/natha/AppData/Roaming/TinyTeX/texmf-dist/tex/generic/stringenc/string
enc.sty
Package: stringenc 2019/11/29 v1.12 Convert strings between diff. encodings (HO
)
)
\pdfm@box=\box50
\c@Hy@AnnotLevel=\count283
\HyField@AnnotCount=\count284
\Fld@listcount=\count285
\c@bookmark@seq@number=\count286

(c:/Users/natha/AppData/Roaming/TinyTeX/texmf-dist/tex/latex/rerunfilecheck/rer
unfilecheck.sty
Package: rerunfilecheck 2019/12/05 v1.9 Rerun checks for auxiliary files (HO)

(c:/Users/natha/AppData/Roaming/TinyTeX/texmf-dist/tex/latex/base/atveryend-ltx
.sty
Package: atveryend-ltx 2020/08/19 v1.0a Emulation of the original atvery packag
e
with kernel methods
)
(c:/Users/natha/AppData/Roaming/TinyTeX/texmf-dist/tex/generic/uniquecounter/un
iquecounter.sty
Package: uniquecounter 2019/12/15 v1.4 Provide unlimited unique counter (HO)
)
Package uniquecounter Info: New unique counter `rerunfilecheck' on input line 2
86.
)
\Hy@SectionHShift=\skip52
)
(c:/Users/natha/AppData/Roaming/TinyTeX/texmf-dist/tex/latex/tools/longtable.st
y
Package: longtable 2020/01/07 v4.13 Multi-page Table package (DPC)
\LTleft=\skip53
\LTright=\skip54
\LTpre=\skip55
\LTpost=\skip56
\LTchunksize=\count287
\LTcapwidth=\dimen155
\LT@head=\box51
\LT@firsthead=\box52
\LT@foot=\box53
\LT@lastfoot=\box54
\LT@cols=\count288
\LT@rows=\count289
\c@LT@tables=\count290
\c@LT@chunks=\count291
\LT@p@ftn=\toks22
)
(c:/Users/natha/AppData/Roaming/TinyTeX/texmf-dist/tex/latex/booktabs/booktabs.
sty
Package: booktabs 2020/01/12 v1.61803398 Publication quality tables
\heavyrulewidth=\dimen156
\lightrulewidth=\dimen157
\cmidrulewidth=\dimen158
\belowrulesep=\dimen159
\belowbottomsep=\dimen160
\aboverulesep=\dimen161
\abovetopsep=\dimen162
\cmidrulesep=\dimen163
\cmidrulekern=\dimen164
\defaultaddspace=\dimen165
\@cmidla=\count292
\@cmidlb=\count293
\@aboverulesep=\dimen166
\@belowrulesep=\dimen167
\@thisruleclass=\count294
\@lastruleclass=\count295
\@thisrulewidth=\dimen168
)
(c:/Users/natha/AppData/Roaming/TinyTeX/texmf-dist/tex/latex/etoolbox/etoolbox.
sty
Package: etoolbox 2020/10/05 v2.5k e-TeX tools for LaTeX (JAW)
\etb@tempcnta=\count296
)
(c:/Users/natha/AppData/Roaming/TinyTeX/texmf-dist/tex/latex/mdwtools/footnote.
sty
Package: footnote 1997/01/28 1.13 Save footnotes around boxes
\fn@notes=\box55
\fn@width=\dimen169
)
(c:/Users/natha/AppData/Roaming/TinyTeX/texmf-dist/tex/latex/graphics/graphicx.
sty
Package: graphicx 2020/09/09 v1.2b Enhanced LaTeX Graphics (DPC,SPQR)

(c:/Users/natha/AppData/Roaming/TinyTeX/texmf-dist/tex/latex/graphics/graphics.
sty
Package: graphics 2020/08/30 v1.4c Standard LaTeX Graphics (DPC,SPQR)
(c:/Users/natha/AppData/Roaming/TinyTeX/texmf-dist/tex/latex/graphics/trig.sty
Package: trig 2016/01/03 v1.10 sin cos tan (DPC)
)
(c:/Users/natha/AppData/Roaming/TinyTeX/texmf-dist/tex/latex/graphics-cfg/graph
ics.cfg
File: graphics.cfg 2016/06/04 v1.11 sample graphics configuration
)
Package graphics Info: Driver file: xetex.def on input line 105.
)
\Gin@req@height=\dimen170
\Gin@req@width=\dimen171
) (./_main.aux)
\openout1 = `_main.aux'.

LaTeX Font Info:    Checking defaults for OML/cmm/m/it on input line 78.
LaTeX Font Info:    ... okay on input line 78.
LaTeX Font Info:    Checking defaults for OMS/cmsy/m/n on input line 78.
LaTeX Font Info:    ... okay on input line 78.
LaTeX Font Info:    Checking defaults for OT1/cmr/m/n on input line 78.
LaTeX Font Info:    ... okay on input line 78.
LaTeX Font Info:    Checking defaults for T1/cmr/m/n on input line 78.
LaTeX Font Info:    ... okay on input line 78.
LaTeX Font Info:    Checking defaults for TS1/cmr/m/n on input line 78.
LaTeX Font Info:    ... okay on input line 78.
LaTeX Font Info:    Checking defaults for TU/lmr/m/n on input line 78.
LaTeX Font Info:    ... okay on input line 78.
LaTeX Font Info:    Checking defaults for OMX/cmex/m/n on input line 78.
LaTeX Font Info:    ... okay on input line 78.
LaTeX Font Info:    Checking defaults for U/cmr/m/n on input line 78.
LaTeX Font Info:    ... okay on input line 78.
LaTeX Font Info:    Checking defaults for PD1/pdf/m/n on input line 78.
LaTeX Font Info:    ... okay on input line 78.
LaTeX Font Info:    Checking defaults for PU/pdf/m/n on input line 78.
LaTeX Font Info:    ... okay on input line 78.
LaTeX Font Info:    Overwriting math alphabet `\mathrm' in version `normal'
(Font)                  OT1/lmr/m/n --> TU/lmr/m/n on input line 78.
LaTeX Font Info:    Overwriting math alphabet `\mathit' in version `normal'
(Font)                  OT1/lmr/m/it --> TU/lmr/m/it on input line 78.
LaTeX Font Info:    Overwriting math alphabet `\mathbf' in version `normal'
(Font)                  OT1/lmr/bx/n --> TU/lmr/bx/n on input line 78.
LaTeX Font Info:    Overwriting math alphabet `\mathsf' in version `normal'
(Font)                  OT1/lmss/m/n --> TU/lmss/m/n on input line 78.
LaTeX Font Info:    Overwriting math alphabet `\mathsf' in version `bold'
(Font)                  OT1/lmss/bx/n --> TU/lmss/bx/n on input line 78.
LaTeX Font Info:    Overwriting math alphabet `\mathtt' in version `normal'
(Font)                  OT1/lmtt/m/n --> TU/lmtt/m/n on input line 78.
LaTeX Font Info:    Overwriting math alphabet `\mathtt' in version `bold'
(Font)                  OT1/lmtt/m/n --> TU/lmtt/bx/n on input line 78.

Package fontspec Info: latinmodern-math scale = 0.9999964596882403.


Package fontspec Info: latinmodern-math scale = 0.9999964596882403.


Package fontspec Info: latinmodern-math scale = 0.9999964596882403.


Package fontspec Info: Font family 'latinmodern-math.otf(0)' created for font
(fontspec)             'latinmodern-math.otf' with options
(fontspec)             [Scale=MatchLowercase,BoldItalicFont={},ItalicFont={},Sm
allCapsFont={},Script=Math,BoldFont={latinmodern-math.otf}].
(fontspec)              
(fontspec)              This font family consists of the following NFSS
(fontspec)             series/shapes:
(fontspec)              
(fontspec)             - 'normal' (m/n) with NFSS spec.:
(fontspec)             <->s*[0.9999964596882403]"[latinmodern-math.otf]/OT:scri
pt=math;language=dflt;"
(fontspec)             - 'small caps'  (m/sc) with NFSS spec.: 
(fontspec)             - 'bold' (b/n) with NFSS spec.:
(fontspec)             <->s*[0.9999964596882403]"[latinmodern-math.otf]/OT:scri
pt=math;language=dflt;"
(fontspec)             - 'bold small caps'  (b/sc) with NFSS spec.: 

LaTeX Font Info:    Font shape `TU/latinmodern-math.otf(0)/m/n' will be
(Font)              scaled to size 10.0pt on input line 78.

Package fontspec Info: latinmodern-math scale = 0.9999964596882403.


Package fontspec Info: latinmodern-math scale = 0.9999964596882403.


Package fontspec Info: latinmodern-math scale = 0.9999964596882403.


Package fontspec Info: latinmodern-math scale = 0.9999964596882403.


Package fontspec Info: latinmodern-math scale = 0.9999964596882403.


Package fontspec Info: Font family 'latinmodern-math.otf(1)' created for font
(fontspec)             'latinmodern-math.otf' with options
(fontspec)             [Scale=MatchLowercase,BoldItalicFont={},ItalicFont={},Sm
allCapsFont={},Script=Math,SizeFeatures={{Size=8.5-},{Size=6-8.5,Font=latinmode
rn-math.otf,Style=MathScript},{Size=-6,Font=latinmodern-math.otf,Style=MathScri
ptScript}},BoldFont={latinmodern-math.otf}].
(fontspec)              
(fontspec)              This font family consists of the following NFSS
(fontspec)             series/shapes:
(fontspec)              
(fontspec)             - 'normal' (m/n) with NFSS spec.:
(fontspec)             <8.5->s*[0.9999964596882403]"[latinmodern-math.otf]/OT:s
cript=math;language=dflt;"<6-8.5>s*[0.9999964596882403]"[latinmodern-math.otf]/
OT:script=math;language=dflt;+ssty=0;"<-6>s*[0.9999964596882403]"[latinmodern-m
ath.otf]/OT:script=math;language=dflt;+ssty=1;"
(fontspec)             - 'small caps'  (m/sc) with NFSS spec.: 
(fontspec)             - 'bold' (b/n) with NFSS spec.:
(fontspec)             <->s*[0.9999964596882403]"[latinmodern-math.otf]/OT:scri
pt=math;language=dflt;"
(fontspec)             - 'bold small caps'  (b/sc) with NFSS spec.: 

LaTeX Font Info:    Font shape `TU/latinmodern-math.otf(1)/m/n' will be
(Font)              scaled to size 10.0pt on input line 78.
LaTeX Font Info:    Encoding `OT1' has changed to `TU' for symbol font
(Font)              `operators' in the math version `normal' on input line 78.
LaTeX Font Info:    Overwriting symbol font `operators' in version `normal'
(Font)                  OT1/lmr/m/n --> TU/latinmodern-math.otf(1)/m/n on input
 line 78.
LaTeX Font Info:    Encoding `OT1' has changed to `TU' for symbol font
(Font)              `operators' in the math version `bold' on input line 78.
LaTeX Font Info:    Overwriting symbol font `operators' in version `bold'
(Font)                  OT1/lmr/bx/n --> TU/latinmodern-math.otf(1)/b/n on inpu
t line 78.

Package fontspec Info: latinmodern-math scale = 0.9999964596882403.


Package fontspec Info: latinmodern-math scale = 1.000096459334209.


Package fontspec Info: latinmodern-math scale = 0.9999964596882403.


Package fontspec Info: latinmodern-math scale = 1.000096459334209.


Package fontspec Info: latinmodern-math scale = 0.9999964596882403.


Package fontspec Info: latinmodern-math scale = 1.000096459334209.


Package fontspec Info: latinmodern-math scale = 0.9999964596882403.


Package fontspec Info: latinmodern-math scale = 1.000096459334209.


Package fontspec Info: latinmodern-math scale = 0.9999964596882403.


Package fontspec Info: latinmodern-math scale = 1.000096459334209.


Package fontspec Info: Font family 'latinmodern-math.otf(2)' created for font
(fontspec)             'latinmodern-math.otf' with options
(fontspec)             [Scale=MatchLowercase,BoldItalicFont={},ItalicFont={},Sm
allCapsFont={},Script=Math,SizeFeatures={{Size=8.5-},{Size=6-8.5,Font=latinmode
rn-math.otf,Style=MathScript},{Size=-6,Font=latinmodern-math.otf,Style=MathScri
ptScript}},BoldFont={latinmodern-math.otf},ScaleAgain=1.0001,FontAdjustment={\f
ontdimen
(fontspec)             8\font =6.77pt\relax \fontdimen 9\font =3.94pt\relax
(fontspec)             \fontdimen 10\font =4.44pt\relax \fontdimen 11\font
(fontspec)             =6.86pt\relax \fontdimen 12\font =3.45pt\relax
(fontspec)             \fontdimen 13\font =3.63pt\relax \fontdimen 14\font
(fontspec)             =3.63pt\relax \fontdimen 15\font =2.89pt\relax
(fontspec)             \fontdimen 16\font =2.47pt\relax \fontdimen 17\font
(fontspec)             =2.47pt\relax \fontdimen 18\font =2.5pt\relax
(fontspec)             \fontdimen 19\font =2.0pt\relax \fontdimen 22\font
(fontspec)             =2.5pt\relax \fontdimen 20\font =0pt\relax \fontdimen
(fontspec)             21\font =0pt\relax }].
(fontspec)              
(fontspec)              This font family consists of the following NFSS
(fontspec)             series/shapes:
(fontspec)              
(fontspec)             - 'normal' (m/n) with NFSS spec.:
(fontspec)             <8.5->s*[1.000096459334209]"[latinmodern-math.otf]/OT:sc
ript=math;language=dflt;"<6-8.5>s*[1.000096459334209]"[latinmodern-math.otf]/OT
:script=math;language=dflt;+ssty=0;"<-6>s*[1.000096459334209]"[latinmodern-math
.otf]/OT:script=math;language=dflt;+ssty=1;"
(fontspec)             - 'small caps'  (m/sc) with NFSS spec.: 
(fontspec)             and font adjustment code:
(fontspec)             \fontdimen 8\font =6.77pt\relax \fontdimen 9\font
(fontspec)             =3.94pt\relax \fontdimen 10\font =4.44pt\relax
(fontspec)             \fontdimen 11\font =6.86pt\relax \fontdimen 12\font
(fontspec)             =3.45pt\relax \fontdimen 13\font =3.63pt\relax
(fontspec)             \fontdimen 14\font =3.63pt\relax \fontdimen 15\font
(fontspec)             =2.89pt\relax \fontdimen 16\font =2.47pt\relax
(fontspec)             \fontdimen 17\font =2.47pt\relax \fontdimen 18\font
(fontspec)             =2.5pt\relax \fontdimen 19\font =2.0pt\relax \fontdimen
(fontspec)             22\font =2.5pt\relax \fontdimen 20\font =0pt\relax
(fontspec)             \fontdimen 21\font =0pt\relax 
(fontspec)             - 'bold' (b/n) with NFSS spec.:
(fontspec)             <->s*[1.000096459334209]"[latinmodern-math.otf]/OT:scrip
t=math;language=dflt;"
(fontspec)             - 'bold small caps'  (b/sc) with NFSS spec.: 
(fontspec)             and font adjustment code:
(fontspec)             \fontdimen 8\font =6.77pt\relax \fontdimen 9\font
(fontspec)             =3.94pt\relax \fontdimen 10\font =4.44pt\relax
(fontspec)             \fontdimen 11\font =6.86pt\relax \fontdimen 12\font
(fontspec)             =3.45pt\relax \fontdimen 13\font =3.63pt\relax
(fontspec)             \fontdimen 14\font =3.63pt\relax \fontdimen 15\font
(fontspec)             =2.89pt\relax \fontdimen 16\font =2.47pt\relax
(fontspec)             \fontdimen 17\font =2.47pt\relax \fontdimen 18\font
(fontspec)             =2.5pt\relax \fontdimen 19\font =2.0pt\relax \fontdimen
(fontspec)             22\font =2.5pt\relax \fontdimen 20\font =0pt\relax
(fontspec)             \fontdimen 21\font =0pt\relax 

LaTeX Font Info:    Encoding `OMS' has changed to `TU' for symbol font
(Font)              `symbols' in the math version `normal' on input line 78.
LaTeX Font Info:    Overwriting symbol font `symbols' in version `normal'
(Font)                  OMS/lmsy/m/n --> TU/latinmodern-math.otf(2)/m/n on inpu
t line 78.
LaTeX Font Info:    Encoding `OMS' has changed to `TU' for symbol font
(Font)              `symbols' in the math version `bold' on input line 78.
LaTeX Font Info:    Overwriting symbol font `symbols' in version `bold'
(Font)                  OMS/lmsy/b/n --> TU/latinmodern-math.otf(2)/b/n on inpu
t line 78.

Package fontspec Info: latinmodern-math scale = 0.9999964596882403.


Package fontspec Info: latinmodern-math scale = 0.9998964600422715.


Package fontspec Info: latinmodern-math scale = 0.9999964596882403.


Package fontspec Info: latinmodern-math scale = 0.9998964600422715.


Package fontspec Info: latinmodern-math scale = 0.9999964596882403.


Package fontspec Info: latinmodern-math scale = 0.9998964600422715.


Package fontspec Info: latinmodern-math scale = 0.9999964596882403.


Package fontspec Info: latinmodern-math scale = 0.9998964600422715.


Package fontspec Info: latinmodern-math scale = 0.9999964596882403.


Package fontspec Info: latinmodern-math scale = 0.9998964600422715.


Package fontspec Info: Font family 'latinmodern-math.otf(3)' created for font
(fontspec)             'latinmodern-math.otf' with options
(fontspec)             [Scale=MatchLowercase,BoldItalicFont={},ItalicFont={},Sm
allCapsFont={},Script=Math,SizeFeatures={{Size=8.5-},{Size=6-8.5,Font=latinmode
rn-math.otf,Style=MathScript},{Size=-6,Font=latinmodern-math.otf,Style=MathScri
ptScript}},BoldFont={latinmodern-math.otf},ScaleAgain=0.9999,FontAdjustment={\f
ontdimen
(fontspec)             8\font =0.4pt\relax \fontdimen 9\font =2.0pt\relax
(fontspec)             \fontdimen 10\font =1.67pt\relax \fontdimen 11\font
(fontspec)             =1.11pt\relax \fontdimen 12\font =6.0pt\relax
(fontspec)             \fontdimen 13\font =0pt\relax }].
(fontspec)              
(fontspec)              This font family consists of the following NFSS
(fontspec)             series/shapes:
(fontspec)              
(fontspec)             - 'normal' (m/n) with NFSS spec.:
(fontspec)             <8.5->s*[0.9998964600422715]"[latinmodern-math.otf]/OT:s
cript=math;language=dflt;"<6-8.5>s*[0.9998964600422715]"[latinmodern-math.otf]/
OT:script=math;language=dflt;+ssty=0;"<-6>s*[0.9998964600422715]"[latinmodern-m
ath.otf]/OT:script=math;language=dflt;+ssty=1;"
(fontspec)             - 'small caps'  (m/sc) with NFSS spec.: 
(fontspec)             and font adjustment code:
(fontspec)             \fontdimen 8\font =0.4pt\relax \fontdimen 9\font
(fontspec)             =2.0pt\relax \fontdimen 10\font =1.67pt\relax
(fontspec)             \fontdimen 11\font =1.11pt\relax \fontdimen 12\font
(fontspec)             =6.0pt\relax \fontdimen 13\font =0pt\relax 
(fontspec)             - 'bold' (b/n) with NFSS spec.:
(fontspec)             <->s*[0.9998964600422715]"[latinmodern-math.otf]/OT:scri
pt=math;language=dflt;"
(fontspec)             - 'bold small caps'  (b/sc) with NFSS spec.: 
(fontspec)             and font adjustment code:
(fontspec)             \fontdimen 8\font =0.4pt\relax \fontdimen 9\font
(fontspec)             =2.0pt\relax \fontdimen 10\font =1.67pt\relax
(fontspec)             \fontdimen 11\font =1.11pt\relax \fontdimen 12\font
(fontspec)             =6.0pt\relax \fontdimen 13\font =0pt\relax 

LaTeX Font Info:    Encoding `OMX' has changed to `TU' for symbol font
(Font)              `largesymbols' in the math version `normal' on input line 7
8.
LaTeX Font Info:    Overwriting symbol font `largesymbols' in version `normal'
(Font)                  OMX/lmex/m/n --> TU/latinmodern-math.otf(3)/m/n on inpu
t line 78.
LaTeX Font Info:    Encoding `OMX' has changed to `TU' for symbol font
(Font)              `largesymbols' in the math version `bold' on input line 78.

LaTeX Font Info:    Overwriting symbol font `largesymbols' in version `bold'
(Font)                  OMX/lmex/m/n --> TU/latinmodern-math.otf(3)/b/n on inpu
t line 78.
Package hyperref Info: Link coloring OFF on input line 78.

(c:/Users/natha/AppData/Roaming/TinyTeX/texmf-dist/tex/latex/hyperref/nameref.s
ty
Package: nameref 2019/09/16 v2.46 Cross-referencing by name of section

(c:/Users/natha/AppData/Roaming/TinyTeX/texmf-dist/tex/latex/refcount/refcount.
sty
Package: refcount 2019/12/15 v3.6 Data extraction from label references (HO)
)
(c:/Users/natha/AppData/Roaming/TinyTeX/texmf-dist/tex/generic/gettitlestring/g
ettitlestring.sty
Package: gettitlestring 2019/12/15 v1.6 Cleanup title references (HO)
)
\c@section@level=\count297
)
LaTeX Info: Redefining \ref on input line 78.
LaTeX Info: Redefining \pageref on input line 78.
LaTeX Info: Redefining \nameref on input line 78.
\@outlinefile=\write3
\openout3 = `_main.out'.

LaTeX Font Info:    Font shape `TU/latinmodern-math.otf(1)/m/n' will be
(Font)              scaled to size 12.0pt on input line 80.
LaTeX Font Info:    Font shape `TU/latinmodern-math.otf(1)/m/n' will be
(Font)              scaled to size 8.0pt on input line 80.
LaTeX Font Info:    Font shape `TU/latinmodern-math.otf(1)/m/n' will be
(Font)              scaled to size 6.0pt on input line 80.
LaTeX Font Info:    Trying to load font information for OML+lmm on input line 8
0.
(c:/Users/natha/AppData/Roaming/TinyTeX/texmf-dist/tex/latex/lm/omllmm.fd
File: omllmm.fd 2009/10/30 v1.6 Font defs for Latin Modern
)
LaTeX Font Info:    Font shape `TU/latinmodern-math.otf(2)/m/n' will be
(Font)              scaled to size 12.0011pt on input line 80.
LaTeX Font Info:    Font shape `TU/latinmodern-math.otf(2)/m/n' will be
(Font)              scaled to size 8.00073pt on input line 80.
LaTeX Font Info:    Font shape `TU/latinmodern-math.otf(2)/m/n' will be
(Font)              scaled to size 6.00055pt on input line 80.
LaTeX Font Info:    Font shape `TU/latinmodern-math.otf(3)/m/n' will be
(Font)              scaled to size 11.99872pt on input line 80.
LaTeX Font Info:    Font shape `TU/latinmodern-math.otf(3)/m/n' will be
(Font)              scaled to size 7.99915pt on input line 80.
LaTeX Font Info:    Font shape `TU/latinmodern-math.otf(3)/m/n' will be
(Font)              scaled to size 5.99936pt on input line 80.
LaTeX Font Info:    Trying to load font information for U+msa on input line 80.

(c:/Users/natha/AppData/Roaming/TinyTeX/texmf-dist/tex/latex/amsfonts/umsa.fd
File: umsa.fd 2013/01/14 v3.01 AMS symbols A
)
LaTeX Font Info:    Trying to load font information for U+msb on input line 80.

(c:/Users/natha/AppData/Roaming/TinyTeX/texmf-dist/tex/latex/amsfonts/umsb.fd
File: umsb.fd 2013/01/14 v3.01 AMS symbols B
) [1


] [2

] (./_main.toc)
\tf@toc=\write4
\openout4 = `_main.toc'.

[3] [4

]
File: media/index/image1.jpg Graphic file (type bmp)
<media/index/image1.jpg>

Overfull \hbox (40.43906pt too wide) in paragraph at lines 89--90
[] 
 []


Underfull \vbox (badness 1137) has occurred while \output is active []

[5]
LaTeX Font Info:    Font shape `TU/latinmodern-math.otf(1)/m/n' will be
(Font)              scaled to size 7.0pt on input line 142.
LaTeX Font Info:    Font shape `TU/latinmodern-math.otf(1)/m/n' will be
(Font)              scaled to size 5.0pt on input line 142.
LaTeX Font Info:    Font shape `TU/latinmodern-math.otf(2)/m/n' will be
(Font)              scaled to size 10.00092pt on input line 142.
LaTeX Font Info:    Font shape `TU/latinmodern-math.otf(2)/m/n' will be
(Font)              scaled to size 7.00064pt on input line 142.
LaTeX Font Info:    Font shape `TU/latinmodern-math.otf(2)/m/n' will be
(Font)              scaled to size 5.00046pt on input line 142.
LaTeX Font Info:    Font shape `TU/latinmodern-math.otf(3)/m/n' will be
(Font)              scaled to size 9.99893pt on input line 142.
LaTeX Font Info:    Font shape `TU/latinmodern-math.otf(3)/m/n' will be
(Font)              scaled to size 6.99925pt on input line 142.
LaTeX Font Info:    Font shape `TU/latinmodern-math.otf(3)/m/n' will be
(Font)              scaled to size 4.99947pt on input line 142.
[6] [7] [8

]
Chapter 1.
LaTeX Font Info:    Font shape `TU/latinmodern-math.otf(1)/m/n' will be
(Font)              scaled to size 14.4pt on input line 196.
LaTeX Font Info:    Font shape `TU/latinmodern-math.otf(2)/m/n' will be
(Font)              scaled to size 14.4013pt on input line 196.
LaTeX Font Info:    Font shape `TU/latinmodern-math.otf(3)/m/n' will be
(Font)              scaled to size 14.39845pt on input line 196.

Overfull \hbox (181.55008pt too wide) in alignment at lines 229--233
 [] [] [] [] 
 []


Overfull \hbox (181.55008pt too wide) in alignment at lines 233--254
 [] [] [] [] 
 []

[9]
Overfull \hbox (181.55008pt too wide) in alignment at lines 254--274
 [] [] [] [] 
 []


Overfull \hbox (181.55008pt too wide) in alignment at lines 274--294
 [] [] [] [] 
 []


Overfull \hbox (181.55008pt too wide) in alignment at lines 294--314
 [] [] [] [] 
 []

[10]
Overfull \hbox (181.55008pt too wide) in alignment at lines 314--334
 [] [] [] [] 
 []


Overfull \hbox (181.55008pt too wide) in alignment at lines 334--354
 [] [] [] [] 
 []

[11]
Overfull \hbox (181.55008pt too wide) in alignment at lines 354--374
 [] [] [] [] 
 []


Overfull \hbox (181.55008pt too wide) in alignment at lines 374--394
 [] [] [] [] 
 []

[12]
Overfull \hbox (181.55008pt too wide) in alignment at lines 394--414
 [] [] [] [] 
 []


Overfull \hbox (181.55008pt too wide) in alignment at lines 414--434
 [] [] [] [] 
 []

[13]
Overfull \hbox (181.55008pt too wide) in alignment at lines 434--454
 [] [] [] [] 
 []


Overfull \hbox (181.55008pt too wide) in alignment at lines 454--474
 [] [] [] [] 
 []


Overfull \hbox (181.55008pt too wide) in alignment at lines 474--494
 [] [] [] [] 
 []

[14]
Overfull \hbox (181.55008pt too wide) in alignment at lines 494--514
 [] [] [] [] 
 []


Overfull \hbox (181.55008pt too wide) in alignment at lines 514--534
 [] [] [] [] 
 []

[15]
Overfull \hbox (181.55008pt too wide) in alignment at lines 534--554
 [] [] [] [] 
 []


Overfull \hbox (181.55008pt too wide) in alignment at lines 554--574
 [] [] [] [] 
 []

[16]
Overfull \hbox (181.55008pt too wide) in alignment at lines 574--582
 [] [] [] [] 
 []


Overfull \hbox (4.57085pt too wide) in paragraph at lines 598--599
[]\TU/lmr/m/n/10 Name|  
 []


Overfull \hbox (4.79356pt too wide) in alignment at lines 587--603
 [] [] [] [] [] [] 
 []


Overfull \hbox (5.70084pt too wide) in paragraph at lines 613--614
[]\TU/lmr/m/n/10 Alpha|  
 []


Overfull \hbox (13.81084pt too wide) in paragraph at lines 639--640
[]\TU/lmr/m/n/10 Gamma|  
 []


Overfull \hbox (3.05084pt too wide) in paragraph at lines 652--653
[]\TU/lmr/m/n/10 Delta|  
 []


Overfull \hbox (11.73085pt too wide) in paragraph at lines 665--666
[]\TU/lmr/m/n/10 Epsilon|  
 []


Overfull \hbox (5.41084pt too wide) in paragraph at lines 704--705
[]\TU/lmr/m/n/10 Theta|  
 []


Overfull \hbox (8.20084pt too wide) in paragraph at lines 730--731
[]\TU/lmr/m/n/10 Kappa|  
 []


Overfull \hbox (15.00084pt too wide) in paragraph at lines 743--744
[]\TU/lmr/m/n/10 Lambda|  
 []

Missing character: There is no ο in font [lmroman10-regular]:mapping=tex-text;!

Overfull \hbox (17.11084pt too wide) in paragraph at lines 795--796
[]\TU/lmr/m/n/10 Omicron|  
 []


Overfull \hbox (5.97084pt too wide) in paragraph at lines 834--835
[]\TU/lmr/m/n/10 Sigma|  
 []


Overfull \hbox (12.42084pt too wide) in paragraph at lines 860--861
[]\TU/lmr/m/n/10 Upsilon|  
 []


Overfull \hbox (4.79356pt too wide) in alignment at lines 603--864
 [] [] [] [] [] [] 
 []

[17]
Overfull \hbox (9.85085pt too wide) in paragraph at lines 912--913
[]\TU/lmr/m/n/10 Omega|  
 []


Overfull \hbox (4.79356pt too wide) in alignment at lines 864--917
 [] [] [] [] [] [] 
 []

[18] [19] [20] [21] [22] [23] [24] [25] [26] [27] [28] [29] [30] [31] [32] [33]
[34]
File: media/01/image2.png Graphic file (type bmp)
<media/01/image2.png>

Overfull \hbox (124.72525pt too wide) in paragraph at lines 3740--3741
[][] 
 []

File: media/01/image3.png Graphic file (type bmp)
<media/01/image3.png>

Overfull \hbox (124.7194pt too wide) in paragraph at lines 3752--3753
[][] 
 []

[35]
Missing character: There is no γ in font [lmroman10-italic]:mapping=tex-text;!
[36]
Overfull \hbox (259.2701pt too wide) in alignment at lines 3768--3772
 [] [] [] 
 []


Overfull \hbox (259.2701pt too wide) in alignment at lines 3772--3793
 [] [] [] 
 []


Overfull \hbox (259.2701pt too wide) in alignment at lines 3793--3794
 [] [] [] 
 []

[37] [38] [39] [40] [41] [42] [43] [44] [45] [46] [47] [48] [49] [50] [51] [52]
File: media/01/image24.jpeg Graphic file (type bmp)
<media/01/image24.jpeg>

Overfull \hbox (96.71962pt too wide) in paragraph at lines 4926--4927
 [] 
 []


Underfull \vbox (badness 10000) has occurred while \output is active []

[53]
Underfull \vbox (badness 10000) has occurred while \output is active []

[54]
Overfull \vbox (118.49162pt too high) has occurred while \output is active []

[55] [56] [57] [58]
Chapter 2.
[59

] [60]
Overfull \hbox (51.2055pt too wide) detected at line 5185
[]
 []

[61] [62] [63] [64] [65] [66]
Underfull \vbox (badness 2409) has occurred while \output is active []

[67]
Overfull \hbox (61.45605pt too wide) detected at line 5505
[]
 []

File: media/02/image22.png Graphic file (type bmp)
<media/02/image22.png>

Overfull \hbox (39.67604pt too wide) detected at line 5524
[]
 []


Underfull \vbox (badness 10000) has occurred while \output is active []

[68]
File: media/02/image23.png Graphic file (type bmp)
<media/02/image23.png>
[69]
File: media/02/image24.png Graphic file (type bmp)
<media/02/image24.png>

Underfull \vbox (badness 1231) has occurred while \output is active []

[70]
Underfull \vbox (badness 10000) has occurred while \output is active []

[71] [72]
Underfull \vbox (badness 7468) has occurred while \output is active []

[73]
File: media/02/image25.png Graphic file (type bmp)
<media/02/image25.png>
[74] [75] [76] [77] [78]
File: media/02/image39.png Graphic file (type bmp)
<media/02/image39.png>
File: media/02/image40.png Graphic file (type bmp)
<media/02/image40.png>
[79] [80]
File: media/02/image49.png Graphic file (type bmp)
<media/02/image49.png>
[81] [82]
File: media/02/image52.png Graphic file (type bmp)
<media/02/image52.png>
[83]
File: media/02/image65.png Graphic file (type bmp)
<media/02/image65.png>
[84] [85]
Underfull \vbox (badness 10000) has occurred while \output is active []

[86]
Overfull \hbox (12.7222pt too wide) detected at line 6224
[][][][] [] [] [] [] [][][][] [] [][][][] [] [][] [] [] [] [] [] [] [] []
 []

[87] [88] [89] [90]
Underfull \vbox (badness 10000) has occurred while \output is active []

[91] [92] [93] [94] [95] [96

]
Chapter 3.

Overfull \hbox (30.85771pt too wide) in alignment at lines 6690--6694
 [] [] [] [] 
 []


Overfull \hbox (30.85771pt too wide) in alignment at lines 6694--6708
 [] [] [] [] 
 []

[97]
Overfull \hbox (11.81084pt too wide) in paragraph at lines 6729--6730
[]\TU/lmr/m/n/10 Symbol|  
 []


Overfull \hbox (6.41895pt too wide) in paragraph at lines 6733--6734
[]\TU/lmr/m/n/10 Units|  
 []


Overfull \hbox (4.50195pt too wide) in paragraph at lines 6744--6745
[]\TU/lmr/m/n/10 m/s$[]$|  
 []


Overfull \hbox (3.12195pt too wide) in paragraph at lines 6753--6754
[]\TU/lmr/m/n/10 ft/s$[]$|  
 []


Overfull \hbox (15.04895pt too wide) in paragraph at lines 6780--6781
[]\TU/lmr/m/n/10 rad/sec|  
 []


Overfull \hbox (10.00195pt too wide) in paragraph at lines 6789--6790
[]\TU/lmr/m/n/10 g/cm$[]$|  
 []


Overfull \hbox (7.52196pt too wide) in paragraph at lines 6798--6799
[]\TU/lmr/m/n/10 lb/ft$[]$|  
 []


Overfull \hbox (5.01895pt too wide) in paragraph at lines 6816--6817
\TU/lmr/m/n/10 miles|  
 []

[98]
File: media/03/image5.png Graphic file (type bmp)
<media/03/image5.png>
[99] [100] [101]
Overfull \hbox (4.25505pt too wide) in alignment at lines 7061--7065
 [] [] [] [] 
 []


Overfull \hbox (4.25505pt too wide) in alignment at lines 7065--7082
 [] [] [] [] 
 []

[102]
Missing character: There is no υ in font [lmroman10-italic]:mapping=tex-text;!
Missing character: There is no μ in font [lmroman10-italic]:mapping=tex-text;!
[103]
File: media/03/image17.jpg Graphic file (type bmp)
<media/03/image17.jpg>

Overfull \hbox (159.94029pt too wide) in paragraph at lines 7278--7279
[] 
 []


Underfull \vbox (badness 10000) has occurred while \output is active []

[104]
Underfull \vbox (badness 10000) has occurred while \output is active []

[105]
Overfull \vbox (125.30983pt too high) has occurred while \output is active []

[106]
File: media/03/image18.jpg Graphic file (type bmp)
<media/03/image18.jpg>

Overfull \hbox (159.94029pt too wide) in paragraph at lines 7280--7281
[][] 
 []


Overfull \vbox (100.44485pt too high) has occurred while \output is active []

[107]
File: media/03/image19.png Graphic file (type bmp)
<media/03/image19.png>

Overfull \hbox (53.9782pt too wide) in paragraph at lines 7291--7292
 [][] 
 []


LaTeX Warning: Float too large for page by 70.29044pt on input line 7293.


Overfull \hbox (12.24748pt too wide) in paragraph at lines 7300--7301
\TU/lmr/m/n/10 Altitude|  
 []


Overfull \hbox (22.16042pt too wide) in paragraph at lines 7302--7303
[]\TU/lmr/m/n/10 Symbol|  
 []


Overfull \hbox (20.93747pt too wide) in paragraph at lines 7309--7310
[]\TU/lmr/m/n/10 Geometric|  
 []


Overfull \hbox (2.13342pt too wide) in paragraph at lines 7311--7312
[]$[][]$|  
 []


Overfull \hbox (14.51747pt too wide) in paragraph at lines 7316--7317
[]\TU/lmr/m/n/10 Absolute|  
 []


Overfull \hbox (32.03748pt too wide) in paragraph at lines 7323--7324
[]\TU/lmr/m/n/10 Geopotential|  
 []


Overfull \hbox (12.81747pt too wide) in paragraph at lines 7330--7331
[]\TU/lmr/m/n/10 Pressure|  
 []


Overfull \hbox (2.58342pt too wide) in paragraph at lines 7332--7333
[]$[][]$|  
 []


Overfull \hbox (9.09747pt too wide) in paragraph at lines 7337--7338
[]\TU/lmr/m/n/10 Density|  
 []


Overfull \hbox (4.99841pt too wide) in paragraph at lines 7339--7340
[]$[][]$|  
 []


Overfull \hbox (32.01747pt too wide) in paragraph at lines 7344--7345
[]\TU/lmr/m/n/10 Temperature|  
 []

[108] [109] [110]
File: media/03/image22.png Graphic file (type bmp)
<media/03/image22.png>

Overfull \hbox (40.49011pt too wide) in paragraph at lines 7454--7455
 [][] 
 []

File: media/03/image23.jpeg Graphic file (type bmp)
<media/03/image23.jpeg>

Overfull \hbox (54.49518pt too wide) in paragraph at lines 7458--7459
[] 
 []


Underfull \vbox (badness 10000) has occurred while \output is active []

[111] [112]
Overfull \vbox (51.98836pt too high) has occurred while \output is active []

[113]
File: media/03/image24.jpeg Graphic file (type bmp)
<media/03/image24.jpeg>

Overfull \hbox (119.85442pt too wide) in paragraph at lines 7460--7461
[][] 
 []


Overfull \vbox (100.43997pt too high) has occurred while \output is active []

[114]
File: media/03/image25.jpeg Graphic file (type bmp)
<media/03/image25.jpeg>

Overfull \vbox (100.48027pt too high) has occurred while \output is active []

[115]
File: media/03/image26.jpeg Graphic file (type bmp)
<media/03/image26.jpeg>

Overfull \hbox (133.77634pt too wide) in paragraph at lines 7464--7465
[][] 
 []


Overfull \vbox (100.09451pt too high) has occurred while \output is active []

[116]
File: media/03/image27.png Graphic file (type bmp)
<media/03/image27.png>

Overfull \hbox (160.83325pt too wide) in paragraph at lines 7590--7591
 [][] 
 []


LaTeX Warning: Float too large for page by 106.35153pt on input line 7592.

File: media/03/image28.png Graphic file (type bmp)
<media/03/image28.png>

Overfull \hbox (160.8487pt too wide) in paragraph at lines 7599--7600
 [][] 
 []


Underfull \vbox (badness 10000) has occurred while \output is active []

[117] [118]
Underfull \vbox (badness 10000) has occurred while \output is active []

[119] [120]
File: media/03/image29.png Graphic file (type bmp)
<media/03/image29.png>

Overfull \hbox (27.75pt too wide) in paragraph at lines 7740--7741
[]\TU/lmtt/m/n/10 http://www.colorado.edu/geography/gcraft/notes/coordsys/gif/l
atlon2.gif 
 []

[121] [122]
File: media/03/image30.jpeg Graphic file (type bmp)
<media/03/image30.jpeg>

Overfull \hbox (153.75pt too wide) in paragraph at lines 7766--7767
[]\TU/lmtt/m/n/10 http://principles.ou.edu/earth\_figure\_gravity/geoid/geoid-e
llipsoidal-orthometric\_height.jpg 
 []

[123]
File: media/03/image31.png Graphic file (type bmp)
<media/03/image31.png>
[124]
File: media/03/image32.png Graphic file (type bmp)
<media/03/image32.png>
[125]
Missing character: There is no ≈ in font [lmroman10-regular]:mapping=tex-text;!
[126]
Missing character: There is no ϕ in font [lmroman10-regular]:mapping=tex-text;!
File: media/03/image33.png Graphic file (type bmp)
<media/03/image33.png>

Overfull \hbox (88.57997pt too wide) in paragraph at lines 7896--7897
[][] 
 []

[127] [128] [129] [130] [131] [132]
Chapter 4.
[133

] [134]
File: media/04/image3.png Graphic file (type bmp)
<media/04/image3.png>

Overfull \hbox (103.6452pt too wide) in paragraph at lines 8254--8255
[][] 
 []

[135]
Overfull \vbox (94.3309pt too high) has occurred while \output is active []

[136]
File: media/04/image8.png Graphic file (type bmp)
<media/04/image8.png>

Overfull \hbox (305.3471pt too wide) in paragraph at lines 8275--8276
[][] 
 []


Underfull \vbox (badness 10000) has occurred while \output is active []


Overfull \hbox (167.88232pt too wide) has occurred while \output is active
\TU/lmr/m/sl/10 4.3.  SUBSONIC RELATIONS BETWEEN COMPRESSIBLE AND INCOMPRESSIBL
E DYNAMIC PRESSURE \TU/lmr/m/n/10 137
 []

[137] [138]
File: media/04/image13.png Graphic file (type bmp)
<media/04/image13.png>

Overfull \hbox (15.98308pt too wide) in paragraph at lines 8303--8304
[][] 
 []

[139]
File: media/04/image14.png Graphic file (type bmp)
<media/04/image14.png>
File: media/04/image15.png Graphic file (type bmp)
<media/04/image15.png>

Underfull \vbox (badness 10000) has occurred while \output is active []

[140] [141]
File: media/04/image17.png Graphic file (type bmp)
<media/04/image17.png>

Overfull \hbox (37.08208pt too wide) in paragraph at lines 8355--8356
[][] 
 []

File: media/04/image18.png Graphic file (type bmp)
<media/04/image18.png>

Overfull \hbox (29.79591pt too wide) in paragraph at lines 8373--8374
[][] 
 []


Underfull \vbox (badness 1365) has occurred while \output is active []

[142]
File: media/04/image19.png Graphic file (type bmp)
<media/04/image19.png>

Underfull \vbox (badness 10000) has occurred while \output is active []

[143] [144]
File: media/04/image21.png Graphic file (type bmp)
<media/04/image21.png>

Overfull \hbox (53.3986pt too wide) in paragraph at lines 8406--8407
[][] 
 []

[145]
File: media/04/image23.png Graphic file (type bmp)
<media/04/image23.png>

Overfull \hbox (84.12903pt too wide) in paragraph at lines 8413--8414
[] 
 []

[146] [147]
File: media/04/image28.png Graphic file (type bmp)
<media/04/image28.png>
[148]
File: media/04/image31.png Graphic file (type bmp)
<media/04/image31.png>

Overfull \hbox (20.88208pt too wide) in paragraph at lines 8545--8546
[][] 
 []


Overfull \hbox (2.05023pt too wide) in paragraph at lines 8549--8550
[]\TU/lmr/m/n/10 Wind velocity: $[][] [] [] [][]$ 
 []

[149]
File: media/04/image32.png Graphic file (type bmp)
<media/04/image32.png>

Overfull \hbox (16.35707pt too wide) in paragraph at lines 8619--8620
[][] 
 []


Underfull \vbox (badness 10000) has occurred while \output is active []

[150]
Overfull \hbox (18.06529pt too wide) in paragraph at lines 8650--8650
[]\TU/lmr/bx/n/14.4 Position Error FAR 23/25.1323 and .1325/JAR
 []

File: media/04/image47.png Graphic file (type bmp)
<media/04/image47.png>

Underfull \vbox (badness 10000) has occurred while \output is active []

[151]
File: media/04/image48.png Graphic file (type bmp)
<media/04/image48.png>
[152]
File: media/04/image50.png Graphic file (type bmp)
<media/04/image50.png>

Overfull \hbox (70.57463pt too wide) in paragraph at lines 8680--8681
[][] 
 []

File: media/04/image52.png Graphic file (type bmp)
<media/04/image52.png>

Overfull \hbox (276.18858pt too wide) in paragraph at lines 8685--8686
[] 
 []


Underfull \vbox (badness 10000) has occurred while \output is active []


Overfull \hbox (11.43451pt too wide) has occurred while \output is active
\TU/lmr/m/sl/10 4.8.  POSITION ERROR FAR 23/25.1323 AND .1325/JAR CERTIFICATION
 \TU/lmr/m/n/10 153
 []

[153]
File: media/04/image53.png Graphic file (type bmp)
<media/04/image53.png>

Overfull \hbox (282.75604pt too wide) in paragraph at lines 8690--8691
[] 
 []


Underfull \vbox (badness 10000) has occurred while \output is active []

[154]
File: media/04/image54.png Graphic file (type bmp)
<media/04/image54.png>

Overfull \hbox (119.08846pt too wide) in paragraph at lines 8692--8693
[][] 
 []


Underfull \vbox (badness 10000) has occurred while \output is active []

[155]
Overfull \vbox (123.22435pt too high) has occurred while \output is active []

[156]
File: media/04/image55.png Graphic file (type bmp)
<media/04/image55.png>

Overfull \hbox (282.8742pt too wide) in paragraph at lines 8697--8698
[] 
 []

File: media/04/image56.png Graphic file (type bmp)
<media/04/image56.png>

Overfull \hbox (70.15324pt too wide) in paragraph at lines 8699--8700
[][] 
 []


Underfull \vbox (badness 10000) has occurred while \output is active []


Overfull \hbox (20.06232pt too wide) has occurred while \output is active
\TU/lmr/m/sl/10 4.11.  EFFECT OF ERRORS ON CALIBRATED AIRSPEED AND ALTITUDE \TU
/lmr/m/n/10 157
 []

[157]
Overfull \vbox (100.27634pt too high) has occurred while \output is active []

[158]
File: media/04/image57.png Graphic file (type bmp)
<media/04/image57.png>

Overfull \hbox (40.84477pt too wide) in paragraph at lines 8701--8702
[][] 
 []

File: media/04/image58.png Graphic file (type bmp)
<media/04/image58.png>

Overfull \hbox (125.56152pt too wide) in paragraph at lines 8703--8704
[][] 
 []


Underfull \vbox (badness 10000) has occurred while \output is active []


Overfull \hbox (20.06232pt too wide) has occurred while \output is active
\TU/lmr/m/sl/10 4.11.  EFFECT OF ERRORS ON CALIBRATED AIRSPEED AND ALTITUDE \TU
/lmr/m/n/10 159
 []

[159]
Overfull \vbox (100.29619pt too high) has occurred while \output is active []

[160]
Chapter 5.
[161

] [162]
File: media/05/image1.png Graphic file (type bmp)
<media/05/image1.png>

Overfull \hbox (73.90385pt too wide) in paragraph at lines 8959--8960
[][] 
 []

[163]
File: media/05/image5.png Graphic file (type bmp)
<media/05/image5.png>
[164]
File: media/05/image7.png Graphic file (type bmp)
<media/05/image7.png>

Overfull \hbox (78.06993pt too wide) in paragraph at lines 9041--9042
[][] 
 []

File: media/05/image9.png Graphic file (type bmp)
<media/05/image9.png>

Overfull \hbox (291.01784pt too wide) in paragraph at lines 9047--9048
[][] 
 []

[165]
File: media/05/image11.png Graphic file (type bmp)
<media/05/image11.png>

Overfull \hbox (40.44891pt too wide) in paragraph at lines 9102--9103
[][] 
 []

[166]
File: media/05/image12.png Graphic file (type bmp)
<media/05/image12.png>

Overfull \hbox (168.15237pt too wide) in paragraph at lines 9110--9111
[][] 
 []


Underfull \vbox (badness 10000) has occurred while \output is active []

[167]
File: media/05/image13.png Graphic file (type bmp)
<media/05/image13.png>

Underfull \vbox (badness 7944) has occurred while \output is active []

[168]
File: media/05/image14.png Graphic file (type bmp)
<media/05/image14.png>
File: media/05/image15.png Graphic file (type bmp)
<media/05/image15.png>

Overfull \hbox (290.74327pt too wide) in paragraph at lines 9147--9148
[][] 
 []


Underfull \vbox (badness 10000) has occurred while \output is active []

[169]
File: media/05/image16.png Graphic file (type bmp)
<media/05/image16.png>

Overfull \hbox (68.07425pt too wide) in paragraph at lines 9155--9156
[][] 
 []


Underfull \vbox (badness 10000) has occurred while \output is active []

[170]
File: media/05/image18.png Graphic file (type bmp)
<media/05/image18.png>

Overfull \hbox (160.94415pt too wide) in paragraph at lines 9173--9174
[] 
 []


Underfull \vbox (badness 10000) has occurred while \output is active []

[171]
File: media/05/image19.png Graphic file (type bmp)
<media/05/image19.png>

Overfull \hbox (38.03108pt too wide) in paragraph at lines 9175--9176
[][] 
 []


Underfull \vbox (badness 10000) has occurred while \output is active []

[172]
File: media/05/image20.png Graphic file (type bmp)
<media/05/image20.png>

Overfull \hbox (116.49257pt too wide) in paragraph at lines 9181--9182
[] 
 []

File: media/05/image21.png Graphic file (type bmp)
<media/05/image21.png>

Overfull \hbox (45.29681pt too wide) in paragraph at lines 9183--9184
[][] 
 []

[173]
File: media/05/image22.png Graphic file (type bmp)
<media/05/image22.png>

Overfull \hbox (109.51845pt too wide) in paragraph at lines 9189--9190
[] 
 []


Underfull \vbox (badness 10000) has occurred while \output is active []

[174]
File: media/05/image23.png Graphic file (type bmp)
<media/05/image23.png>
File: media/05/image24.png Graphic file (type bmp)
<media/05/image24.png>

Overfull \hbox (291.0053pt too wide) in paragraph at lines 9198--9199
[][] 
 []

[175]
File: media/05/image25.png Graphic file (type bmp)
<media/05/image25.png>
[176]
File: media/05/image38.png Graphic file (type bmp)
<media/05/image38.png>
File: media/05/image43.png Graphic file (type bmp)
<media/05/image43.png>

Overfull \hbox (138.99117pt too wide) in paragraph at lines 9253--9254
[][] 
 []

[177] [178]
File: media/05/image46.png Graphic file (type bmp)
<media/05/image46.png>

Overfull \hbox (291.0053pt too wide) in paragraph at lines 9284--9285
[][] 
 []

File: media/05/image47.png Graphic file (type bmp)
<media/05/image47.png>

Overfull \hbox (52.50327pt too wide) in paragraph at lines 9292--9293
[][] 
 []

File: media/05/image48.png Graphic file (type bmp)
<media/05/image48.png>

Overfull \hbox (30.21901pt too wide) in paragraph at lines 9294--9295
[][] 
 []


Underfull \vbox (badness 3965) has occurred while \output is active []

[179]
File: media/05/image49.png Graphic file (type bmp)
<media/05/image49.png>

Overfull \hbox (291.0053pt too wide) in paragraph at lines 9302--9303
[][] 
 []


Underfull \vbox (badness 10000) has occurred while \output is active []

[180]
File: media/05/image50.png Graphic file (type bmp)
<media/05/image50.png>

Overfull \hbox (56.10165pt too wide) in paragraph at lines 9319--9320
[][] 
 []

[181]
File: media/05/image51.png Graphic file (type bmp)
<media/05/image51.png>

Overfull \hbox (291.0053pt too wide) in paragraph at lines 9336--9337
[][] 
 []


Underfull \vbox (badness 10000) has occurred while \output is active []

[182] [183] [184]
File: media/05/image59.png Graphic file (type bmp)
<media/05/image59.png>

Overfull \hbox (169.93959pt too wide) in paragraph at lines 9401--9402
[][] 
 []

[185]
File: media/05/image62.png Graphic file (type bmp)
<media/05/image62.png>

Overfull \hbox (290.98232pt too wide) in paragraph at lines 9433--9434
[][] 
 []


Underfull \vbox (badness 10000) has occurred while \output is active []

[186] [187]
File: media/05/image63.png Graphic file (type bmp)
<media/05/image63.png>

Overfull \hbox (28.17857pt too wide) in paragraph at lines 9457--9458
[][] 
 []

File: media/05/image64.png Graphic file (type bmp)
<media/05/image64.png>

Overfull \hbox (175.35605pt too wide) in paragraph at lines 9464--9465
[] 
 []


Underfull \vbox (badness 10000) has occurred while \output is active []

[188] [189]
Missing character: There is no ν in font [lmroman10-regular]:mapping=tex-text;!
File: media/05/image66.png Graphic file (type bmp)
<media/05/image66.png>

Overfull \hbox (290.98753pt too wide) in paragraph at lines 9502--9503
[][] 
 []


Underfull \vbox (badness 10000) has occurred while \output is active []

[190]
Underfull \vbox (badness 10000) has occurred while \output is active []

[191]
Underfull \hbox (badness 1917) in paragraph at lines 9507--9507
[]\TU/lmr/bx/n/12 Two-Dimensional Supersonic Airfoil Approxima-
 []

File: media/05/image67.png Graphic file (type bmp)
<media/05/image67.png>

Overfull \hbox (21.8207pt too wide) in paragraph at lines 9515--9516
[][] 
 []

File: media/05/image69.png Graphic file (type bmp)
<media/05/image69.png>
[192]
File: media/05/image72.png Graphic file (type bmp)
<media/05/image72.png>
[193]
File: media/05/image73.png Graphic file (type bmp)
<media/05/image73.png>
File: media/05/image75.png Graphic file (type bmp)
<media/05/image75.png>
[194]
File: media/05/image76.png Graphic file (type bmp)
<media/05/image76.png>

Underfull \vbox (badness 10000) has occurred while \output is active []

[195] [196]
File: media/05/image80.png Graphic file (type bmp)
<media/05/image80.png>

Overfull \hbox (35.93925pt too wide) in paragraph at lines 9660--9661
[][] 
 []


Underfull \vbox (badness 10000) has occurred while \output is active []

[197]
File: media/05/image81.png Graphic file (type bmp)
<media/05/image81.png>

Overfull \hbox (111.99974pt too wide) in paragraph at lines 9664--9665
[][] 
 []


Underfull \vbox (badness 10000) has occurred while \output is active []

[198]
File: media/05/image83.png Graphic file (type bmp)
<media/05/image83.png>

Overfull \hbox (77.79251pt too wide) in paragraph at lines 9686--9687
[][] 
 []


Underfull \vbox (badness 10000) has occurred while \output is active []

[199]
File: media/05/image84.png Graphic file (type bmp)
<media/05/image84.png>

Overfull \hbox (125.1415pt too wide) in paragraph at lines 9694--9695
[][] 
 []


Underfull \vbox (badness 10000) has occurred while \output is active []

[200] [201]
File: media/05/image86.png Graphic file (type bmp)
<media/05/image86.png>

Overfull \hbox (215.10545pt too wide) in paragraph at lines 9734--9735
[][] 
 []

File: media/05/image89.png Graphic file (type bmp)
<media/05/image89.png>

Overfull \hbox (31.37186pt too wide) in paragraph at lines 9744--9745
[][] 
 []

[202]
Underfull \vbox (badness 10000) has occurred while \output is active []

[203]
File: media/05/image95.png Graphic file (type bmp)
<media/05/image95.png>

Overfull \hbox (140.25804pt too wide) in paragraph at lines 9767--9768
[][] 
 []

[204] [205]
File: media/05/image97.png Graphic file (type bmp)
<media/05/image97.png>

Overfull \hbox (70.45432pt too wide) in paragraph at lines 9893--9894
[][] 
 []

[206] [207] [208

]
Chapter 6.
File: media/06/image1.png Graphic file (type bmp)
<media/06/image1.png>

Underfull \vbox (badness 10000) has occurred while \output is active []

[209]
File: media/06/image2.png Graphic file (type bmp)
<media/06/image2.png>

Underfull \vbox (badness 10000) has occurred while \output is active []

[210]
File: media/06/image4.png Graphic file (type bmp)
<media/06/image4.png>
[211]
File: media/06/image5.png Graphic file (type bmp)
<media/06/image5.png>
File: media/06/image6.png Graphic file (type bmp)
<media/06/image6.png>

Underfull \vbox (badness 3179) has occurred while \output is active []

[212] [213]
File: media/06/image11.png Graphic file (type bmp)
<media/06/image11.png>
[214]
File: media/06/image12.png Graphic file (type bmp)
<media/06/image12.png>
[215]
Overfull \hbox (47.39949pt too wide) detected at line 10213
[] [] [] []
 []


Overfull \hbox (49.19948pt too wide) detected at line 10232
[] [] [] []
 []

[216] [217] [218] [219] [220

]
Chapter 7.

Overfull \hbox (3.3579pt too wide) in paragraph at lines 10386--10387
[]\TU/lmr/m/n/10 [rad/sec]|  
 []


Overfull \hbox (3.3579pt too wide) in paragraph at lines 10393--10394
[]\TU/lmr/m/n/10 [rad/sec]|  
 []


Overfull \hbox (14.19789pt too wide) in paragraph at lines 10421--10422
[]\TU/lmr/m/n/10 [cycles/sec]|  
 []

[221]
Overfull \hbox (2.04979pt too wide) in paragraph at lines 10580--10581
[]\TU/lmr/m/n/10 allowable 
 []


Overfull \hbox (14.29979pt too wide) in paragraph at lines 10605--10606
[]\TU/lmr/m/n/10 longitudinal|  
 []


Overfull \hbox (5.37979pt too wide) in paragraph at lines 10610--10611
[]\TU/lmr/m/n/10 maximum 
 []


Overfull \hbox (3.43979pt too wide) in paragraph at lines 10615--10616
[]\TU/lmr/m/n/10 minimum 
 []

[222]
Overfull \hbox (27.28453pt too wide) has occurred while \output is active
\TU/lmr/m/sl/10 7.2.  LONGITUDINAL & LATERAL CENTER OF GRAVITY MEASUREMENT \TU/
lmr/m/n/10 223
 []

[223]
File: media/07/image1.png Graphic file (type bmp)
<media/07/image1.png>
[224]
Overfull \hbox (27.28453pt too wide) has occurred while \output is active
\TU/lmr/m/sl/10 7.2.  LONGITUDINAL & LATERAL CENTER OF GRAVITY MEASUREMENT \TU/
lmr/m/n/10 225
 []

[225]
File: media/07/image7.png Graphic file (type bmp)
<media/07/image7.png>

Overfull \hbox (126.95328pt too wide) in paragraph at lines 10854--10855
[] [] 
 []


Underfull \vbox (badness 10000) has occurred while \output is active []

[226]
File: media/07/image9.png Graphic file (type bmp)
<media/07/image9.png>
[227]
File: media/07/image13.png Graphic file (type bmp)
<media/07/image13.png>
File: media/07/image16.png Graphic file (type bmp)
<media/07/image16.png>
[228]
File: media/07/image17.png Graphic file (type bmp)
<media/07/image17.png>
File: media/07/image19.png Graphic file (type bmp)
<media/07/image19.png>

Underfull \vbox (badness 1137) has occurred while \output is active []

[229] [230]
Underfull \hbox (badness 3240) in paragraph at lines 11008--11008
[]\TU/lmr/bx/n/12 Measuring Roll Inertia, $[][]$ (spring oscillation
 []

File: media/07/image24.png Graphic file (type bmp)
<media/07/image24.png>
File: media/07/image25.png Graphic file (type bmp)
<media/07/image25.png>
[231]
Missing character: There is no 𝛥 in font [lmroman10-regular]:mapping=tex-text;!
[232]
Underfull \hbox (badness 1838) in paragraph at lines 11116--11116
[]\TU/lmr/bx/n/12 Measuring Pitch Inertia, $[][]$ (spring oscillation
 []

File: media/07/image32.png Graphic file (type bmp)
<media/07/image32.png>
[233]
File: media/07/image33.png Graphic file (type bmp)
<media/07/image33.png>

Underfull \hbox (badness 3271) in paragraph at lines 11140--11140
[]\TU/lmr/bx/n/12 Measuring Yaw Inertia, $[][]$ (spring oscillation
 []

File: media/07/image36.png Graphic file (type bmp)
<media/07/image36.png>

Underfull \vbox (badness 3148) has occurred while \output is active []

[234]
File: media/07/image37.png Graphic file (type bmp)
<media/07/image37.png>
File: media/07/image38.png Graphic file (type bmp)
<media/07/image38.png>

Underfull \vbox (badness 1454) has occurred while \output is active []

[235]
File: media/07/image41.png Graphic file (type bmp)
<media/07/image41.png>

Underfull \vbox (badness 7777) has occurred while \output is active []

[236]
File: media/07/image47.png Graphic file (type bmp)
<media/07/image47.png>
[237] [238]
File: media/07/image54.png Graphic file (type bmp)
<media/07/image54.png>
[239]
Overfull \hbox (3.30894pt too wide) in paragraph at lines 11339--11340
[]\TU/lmr/m/n/10 7.5.1|  
 []


Overfull \hbox (3.30894pt too wide) in paragraph at lines 11344--11345
[]\TU/lmr/m/n/10 7.5.2|  
 []


Overfull \hbox (3.30894pt too wide) in paragraph at lines 11349--11350
[]\TU/lmr/m/n/10 7.5.3|  
 []


Overfull \hbox (3.30894pt too wide) in paragraph at lines 11354--11355
[]\TU/lmr/m/n/10 7.5.4|  
 []


Package longtable Warning: Column widths have changed
(longtable)                in table 7.8 on input line 11359.


Overfull \hbox (3.30894pt too wide) in paragraph at lines 11367--11368
[]\TU/lmr/m/n/10 7.5.5|  
 []


Overfull \hbox (3.30894pt too wide) in paragraph at lines 11372--11373
[]\TU/lmr/m/n/10 7.5.6|  
 []


Package longtable Warning: Column widths have changed
(longtable)                in table 7.9 on input line 11377.

[240]
Chapter 8.

Package longtable Warning: Column widths have changed
(longtable)                in table 8.1 on input line 11421.

[241

] [242]
File: media/08/image5.png Graphic file (type bmp)
<media/08/image5.png>

Underfull \vbox (badness 1210) has occurred while \output is active []

[243]
File: media/08/image9.png Graphic file (type bmp)
<media/08/image9.png>
[244]
File: media/08/image12.png Graphic file (type bmp)
<media/08/image12.png>
[245]

Package longtable Warning: Column widths have changed
(longtable)                in table 8.2 on input line 11565.

File: media/08/image15.png Graphic file (type bmp)
<media/08/image15.png>
File: media/08/image18.png Graphic file (type bmp)
<media/08/image18.png>
[246]
File: media/08/image21.png Graphic file (type bmp)
<media/08/image21.png>
File: media/08/image22.png Graphic file (type bmp)
<media/08/image22.png>
[247]
File: media/08/image24.png Graphic file (type bmp)
<media/08/image24.png>
File: media/08/image26.png Graphic file (type bmp)
<media/08/image26.png>
File: media/08/image27.png Graphic file (type bmp)
<media/08/image27.png>

Underfull \vbox (badness 1552) has occurred while \output is active []

[248]
File: media/08/image28.png Graphic file (type bmp)
<media/08/image28.png>

Package longtable Warning: Column widths have changed
(longtable)                in table 8.3 on input line 11683.


Underfull \vbox (badness 10000) has occurred while \output is active []

[249] [250] [251]
File: media/08/image43.png Graphic file (type bmp)
<media/08/image43.png>
File: media/08/image44.png Graphic file (type bmp)
<media/08/image44.png>
File: media/08/image45.png Graphic file (type bmp)
<media/08/image45.png>

Underfull \vbox (badness 10000) has occurred while \output is active []

[252]
File: media/08/image47.png Graphic file (type bmp)
<media/08/image47.png>

Overfull \hbox (51.83505pt too wide) detected at line 11836
[] [] [] [][][][] [] [][][][]
 []

! Argument of \align has an extra }.
<inserted text> 
                \par 
l.11857 \begin{align} x\left(t\right) &
                                       =  A \sin \left( \omega_n t + \phi \r...
 
Here is how much of TeX's memory you used:
 17267 strings out of 479393
 309938 string characters out of 5877969
 788287 words of memory out of 5000000
 36347 multiletter control sequences out of 15000+600000
 542564 words of font info for 96 fonts, out of 8000000 for 9000
 14 hyphenation exceptions out of 8191
 94i,15n,118p,1102b,595s stack positions out of 5000i,500n,10000p,200000b,80000s
Output written on _main.pdf (252 pages).
